{"logTime": "0522/045454", "correlationVector":"iR3CTlqHUzpxoGkun5bAaI.0","action":"FeedSettingFetch_homeCloud", "result":"0", "context":{}}
{"logTime": "0522/045454", "correlationVector":"/6RwmY+n6y6FNqhmahNLjh.1","action":"SyncServerConnectionManagerRequest", "result":"SYNC_SERVER_OK", "context":{"environment":"Prod_EastUS2_000e", "migrationStage":"NotStarted", "server":"GENERAL0100000D"}}
{"logTime": "0522/045454", "correlationVector":"/6RwmY+n6y6FNqhmahNLjh","action":"Initial GetUpdates", "result":"", "context":Reason: NEW_CLIENT. cV=/6RwmY+n6y6FNqhmahNLjh}
{"logTime": "0522/045454", "correlationVector":"/6RwmY+n6y6FNqhmahNLjh.2","action":"GetUpdates Response", "result":"SYNCER_OK", "context":Received 1 update(s). cV=/6RwmY+n6y6FNqhmahNLjh.0;server=GENERAL0100000D;cloudType=Consumer;environment=Prod_EastUS2_000e;migrationStage=NotStarted}
{"logTime": "0522/045509", "correlationVector":"IhZAI5ML/CG42byEEwPS9S","action":"SyncServerConnectionManagerRequest", "result":"SYNC_SERVER_OK", "context":{"environment":"", "migrationStage":"", "server":""}}
{"logTime": "0522/045509", "correlationVector":"vd6WAxIUEmJMDElpPiU8Rs","action":"Initial GetUpdates", "result":"", "context":Reason: NEW_CLIENT. cV=vd6WAxIUEmJMDElpPiU8Rs}
{"logTime": "0522/045509", "correlationVector":"vd6WAxIUEmJMDElpPiU8Rs.1","action":"SyncServerConnectionManagerRequest", "result":"SYNC_SERVER_OK", "context":{"environment":"Prod_EastUS2_000e", "migrationStage":"NotStarted", "server":"GENERAL0100002P"}}
{"logTime": "0522/045509", "correlationVector":"vd6WAxIUEmJMDElpPiU8Rs.2","action":"GetUpdates Response", "result":"SYNCER_OK", "context":Received 16 update(s). cV=vd6WAxIUEmJMDElpPiU8Rs.0;server=GENERAL0100002P;cloudType=Consumer;environment=Prod_EastUS2_000e;migrationStage=NotStarted}
{"logTime": "0522/045509", "correlationVector":"I3nqh5ZgcA+x9DUQ3FYapV","action":"Normal GetUpdate request", "result":"", "context":cV=I3nqh5ZgcA+x9DUQ3FYapV
Nudged types: Device Info, User Consents
Refresh requested types: Device Info, User Consents, Send Tab To Self, Encryption Keys}
{"logTime": "0522/045509", "correlationVector":"I3nqh5ZgcA+x9DUQ3FYapV.1","action":"SyncServerConnectionManagerRequest", "result":"SYNC_SERVER_OK", "context":{"environment":"Prod_EastUS2_000e", "migrationStage":"NotStarted", "server":"GENERAL0100000D"}}
{"logTime": "0522/045509", "correlationVector":"I3nqh5ZgcA+x9DUQ3FYapV.2","action":"GetUpdates Response", "result":"SYNCER_OK", "context":Received 0 update(s). cV=I3nqh5ZgcA+x9DUQ3FYapV.0;server=GENERAL0100000D;cloudType=Consumer;environment=Prod_EastUS2_000e;migrationStage=NotStarted}
{"logTime": "0522/045509", "correlationVector":"qbZWaI5MQT+QUVMNWfoHjq","action":"Commit Request", "result":"", "context":Item count: 1
Contributing types: Device Info}
{"logTime": "0522/045510", "correlationVector":"qbZWaI5MQT+QUVMNWfoHjq.1","action":"SyncServerConnectionManagerRequest", "result":"SYNC_SERVER_OK", "context":{"environment":"Prod_EastUS2_000e", "migrationStage":"NotStarted", "server":"GENERAL0100001Y"}}
{"logTime": "0522/045510", "correlationVector":"qbZWaI5MQT+QUVMNWfoHjq.2","action":"Commit Response", "result":"SYNCER_OK", "context":Result: SYNCER_OK. cV=qbZWaI5MQT+QUVMNWfoHjq.0;server=GENERAL0100001Y;cloudType=Consumer;environment=Prod_EastUS2_000e;migrationStage=NotStarted}
{"logTime": "0522/045510", "correlationVector":"aD41+YOxu6ieBJict0nf2e","action":"Commit Request", "result":"", "context":Item count: 2
Contributing types: User Consents}
{"logTime": "0522/045510", "correlationVector":"aD41+YOxu6ieBJict0nf2e.1","action":"SyncServerConnectionManagerRequest", "result":"SYNC_SERVER_OK", "context":{"environment":"Prod_EastUS2_000e", "migrationStage":"NotStarted", "server":"GENERAL01000007"}}
{"logTime": "0522/045510", "correlationVector":"aD41+YOxu6ieBJict0nf2e.2","action":"Commit Response", "result":"SYNCER_OK", "context":Result: SYNCER_OK. cV=aD41+YOxu6ieBJict0nf2e.0;server=GENERAL01000007;cloudType=Consumer;environment=Prod_EastUS2_000e;migrationStage=NotStarted}
{"logTime": "0522/050145", "correlationVector":"nmJm6YX2W5sfVkZHu0QRch.0","action":"FeedSettingFetch_homeCloud", "result":"0", "context":{}}
{"logTime": "0522/050145", "correlationVector":"0u0AYFhKF1ShhugtpnEOzr.1","action":"SyncServerConnectionManagerRequest", "result":"SYNC_SERVER_OK", "context":{"environment":"Prod_EastUS2_000e", "migrationStage":"NotStarted", "server":"GENERAL0100001N"}}
{"logTime": "0522/050145", "correlationVector":"0u0AYFhKF1ShhugtpnEOzr","action":"Initial GetUpdates", "result":"", "context":Reason: NEW_CLIENT. cV=0u0AYFhKF1ShhugtpnEOzr}
{"logTime": "0522/050145", "correlationVector":"0u0AYFhKF1ShhugtpnEOzr.2","action":"GetUpdates Response", "result":"SYNCER_OK", "context":Received 1 update(s). cV=0u0AYFhKF1ShhugtpnEOzr.0;server=GENERAL0100001N;cloudType=Consumer;environment=Prod_EastUS2_000e;migrationStage=NotStarted}
{"logTime": "0522/050145", "correlationVector":"S8SNdg9N5OZdf+G6dLeU1W","action":"Normal GetUpdate request", "result":"", "context":cV=S8SNdg9N5OZdf+G6dLeU1W
Nudged types: User Consents
Refresh requested types: Device Info, User Consents, Send Tab To Self, Encryption Keys}
{"logTime": "0522/050145", "correlationVector":"S8SNdg9N5OZdf+G6dLeU1W.1","action":"SyncServerConnectionManagerRequest", "result":"SYNC_SERVER_OK", "context":{"environment":"Prod_EastUS2_000e", "migrationStage":"NotStarted", "server":"GENERAL01000025"}}
{"logTime": "0522/050146", "correlationVector":"S8SNdg9N5OZdf+G6dLeU1W.2","action":"GetUpdates Response", "result":"SYNCER_OK", "context":Received 1 update(s). cV=S8SNdg9N5OZdf+G6dLeU1W.0;server=GENERAL01000025;cloudType=Consumer;environment=Prod_EastUS2_000e;migrationStage=NotStarted}
{"logTime": "0522/050146", "correlationVector":"L9BD1gQkE3yxm5APpBwU3R","action":"Commit Request", "result":"", "context":Item count: 1
Contributing types: User Consents}
{"logTime": "0522/050146", "correlationVector":"L9BD1gQkE3yxm5APpBwU3R.1","action":"SyncServerConnectionManagerRequest", "result":"SYNC_SERVER_OK", "context":{"environment":"Prod_EastUS2_000e", "migrationStage":"NotStarted", "server":"GENERAL0100001V"}}
{"logTime": "0522/050146", "correlationVector":"L9BD1gQkE3yxm5APpBwU3R.2","action":"Commit Response", "result":"SYNCER_OK", "context":Result: SYNCER_OK. cV=L9BD1gQkE3yxm5APpBwU3R.0;server=GENERAL0100001V;cloudType=Consumer;environment=Prod_EastUS2_000e;migrationStage=NotStarted}
{"logTime": "0522/050146", "correlationVector":"2eTZTqXCBJNzJVIeuErwfm","action":"SyncServerConnectionManagerRequest", "result":"SYNC_SERVER_OK", "context":{"environment":"", "migrationStage":"", "server":""}}
{"logTime": "0522/050146", "correlationVector":"tJhg3NbTDD9XvJkqZ6YxMP","action":"Normal GetUpdate request", "result":"", "context":cV=tJhg3NbTDD9XvJkqZ6YxMP
Refresh requested types: Encryption Keys}
{"logTime": "0522/050146", "correlationVector":"tJhg3NbTDD9XvJkqZ6YxMP.1","action":"SyncServerConnectionManagerRequest", "result":"SYNC_SERVER_OK", "context":{"environment":"Prod_EastUS2_000e", "migrationStage":"NotStarted", "server":"general01000031"}}
{"logTime": "0522/050146", "correlationVector":"tJhg3NbTDD9XvJkqZ6YxMP.2","action":"GetUpdates Response", "result":"SYNCER_OK", "context":Received 0 update(s). cV=tJhg3NbTDD9XvJkqZ6YxMP.0;server=general01000031;cloudType=Consumer;environment=Prod_EastUS2_000e;migrationStage=NotStarted}
{"logTime": "0522/050146", "correlationVector":"lnf73lc399BjwVY1t2Ei6V","action":"Normal GetUpdate request", "result":"", "context":cV=lnf73lc399BjwVY1t2Ei6V
Refresh requested types: Device Info, User Consents, Send Tab To Self, Encryption Keys}
{"logTime": "0522/050146", "correlationVector":"lnf73lc399BjwVY1t2Ei6V.1","action":"SyncServerConnectionManagerRequest", "result":"SYNC_SERVER_OK", "context":{"environment":"Prod_EastUS2_000e", "migrationStage":"NotStarted", "server":"GENERAL0100000M"}}
{"logTime": "0522/050146", "correlationVector":"lnf73lc399BjwVY1t2Ei6V.2","action":"GetUpdates Response", "result":"SYNCER_OK", "context":Received 0 update(s). cV=lnf73lc399BjwVY1t2Ei6V.0;server=GENERAL0100000M;cloudType=Consumer;environment=Prod_EastUS2_000e;migrationStage=NotStarted}
{"logTime": "0522/050146", "correlationVector":"/oYOl6z1qcb+GIaHXn3xMH","action":"Initial GetUpdates", "result":"", "context":Reason: RECONFIGURATION. cV=/oYOl6z1qcb+GIaHXn3xMH}
{"logTime": "0522/050146", "correlationVector":"/oYOl6z1qcb+GIaHXn3xMH.1","action":"SyncServerConnectionManagerRequest", "result":"SYNC_SERVER_OK", "context":{"environment":"Prod_EastUS2_000e", "migrationStage":"NotStarted", "server":"GENERAL0100002T"}}
{"logTime": "0522/050146", "correlationVector":"/oYOl6z1qcb+GIaHXn3xMH.2","action":"GetUpdates Response", "result":"SYNCER_OK", "context":Received 54 update(s). cV=/oYOl6z1qcb+GIaHXn3xMH.0;server=GENERAL0100002T;cloudType=Consumer;environment=Prod_EastUS2_000e;migrationStage=NotStarted}
{"logTime": "0522/050146", "correlationVector":"3EG68uBrVb1sEh7iqY5rKP","action":"Initial GetUpdates", "result":"", "context":Reason: RECONFIGURATION. cV=3EG68uBrVb1sEh7iqY5rKP}
{"logTime": "0522/050146", "correlationVector":"3EG68uBrVb1sEh7iqY5rKP.1","action":"SyncServerConnectionManagerRequest", "result":"SYNC_SERVER_OK", "context":{"environment":"Prod_EastUS2_000e", "migrationStage":"NotStarted", "server":"general0100003A"}}
{"logTime": "0522/050146", "correlationVector":"3EG68uBrVb1sEh7iqY5rKP.2","action":"GetUpdates Response", "result":"SYNCER_OK", "context":Received 7 update(s). cV=3EG68uBrVb1sEh7iqY5rKP.0;server=general0100003A;cloudType=Consumer;environment=Prod_EastUS2_000e;migrationStage=NotStarted}
{"logTime": "0522/050146", "correlationVector":"e+mMcwamsklPdRxsdYQqUq","action":"Initial GetUpdates", "result":"", "context":Reason: RECONFIGURATION. cV=e+mMcwamsklPdRxsdYQqUq}
{"logTime": "0522/050147", "correlationVector":"e+mMcwamsklPdRxsdYQqUq.1","action":"SyncServerConnectionManagerRequest", "result":"SYNC_SERVER_OK", "context":{"environment":"Prod_EastUS2_000e", "migrationStage":"NotStarted", "server":"GENERAL01000024"}}
{"logTime": "0522/050147", "correlationVector":"e+mMcwamsklPdRxsdYQqUq.2","action":"GetUpdates", "result":"DeleteReceived", "context":{"id":"8e0844a6-f1ac-4f4b-8d66-17d9a3d4ecc5", "isDeleted:":"true", "version":"1678082519802"}}
{"logTime": "0522/050147", "correlationVector":"e+mMcwamsklPdRxsdYQqUq.3","action":"GetUpdates", "result":"DeleteReceived", "context":{"id":"8e539507-420e-4ca7-adf4-b3e687978f5e", "isDeleted:":"true", "version":"1678333392901"}}
{"logTime": "0522/050147", "correlationVector":"e+mMcwamsklPdRxsdYQqUq.4","action":"GetUpdates", "result":"DeleteReceived", "context":{"id":"3ace7329-7b53-428f-9f32-0dfca8be7016", "isDeleted:":"true", "version":"1677120615910"}}
{"logTime": "0522/050147", "correlationVector":"e+mMcwamsklPdRxsdYQqUq.5","action":"GetUpdates", "result":"DeleteReceived", "context":{"id":"023f5ef1-68b2-4f79-a634-391acc664784", "isDeleted:":"true", "version":"1677120615911"}}
{"logTime": "0522/050147", "correlationVector":"e+mMcwamsklPdRxsdYQqUq.6","action":"GetUpdates", "result":"DeleteReceived", "context":{"id":"fe40dcba-1c5e-40af-b43f-8bf3250d4d42", "isDeleted:":"true", "version":"1677120697698"}}
{"logTime": "0522/050147", "correlationVector":"e+mMcwamsklPdRxsdYQqUq.7","action":"GetUpdates", "result":"DeleteReceived", "context":{"id":"02eef9bf-4f26-46c0-b454-366f6fb7d4ae", "isDeleted:":"true", "version":"1677188045782"}}
{"logTime": "0522/050147", "correlationVector":"e+mMcwamsklPdRxsdYQqUq.8","action":"GetUpdates", "result":"DeleteReceived", "context":{"id":"2653300d-5328-4dbe-89b2-1e7ac3afbb7f", "isDeleted:":"true", "version":"1677188099825"}}
{"logTime": "0522/050147", "correlationVector":"e+mMcwamsklPdRxsdYQqUq.9","action":"GetUpdates", "result":"DeleteReceived", "context":{"id":"4f5e352e-afba-4aee-aaf9-de18f110cb3a", "isDeleted:":"true", "version":"1677372706788"}}
{"logTime": "0522/050147", "correlationVector":"e+mMcwamsklPdRxsdYQqUq.10","action":"GetUpdates", "result":"DeleteReceived", "context":{"id":"d479515b-3392-4b63-8d8b-e71febefa5d0", "isDeleted:":"true", "version":"1678333392903"}}
{"logTime": "0522/050147", "correlationVector":"e+mMcwamsklPdRxsdYQqUq.11","action":"GetUpdates", "result":"DeleteReceived", "context":{"id":"3df3bddd-3f32-413c-bbbb-bfb89d998180", "isDeleted:":"true", "version":"1678333494865"}}
{"logTime": "0522/050147", "correlationVector":"e+mMcwamsklPdRxsdYQqUq.12","action":"GetUpdates", "result":"DeleteReceived", "context":{"id":"cffb219f-84a3-4c4e-9527-bdf16e5c5095", "isDeleted:":"true", "version":"1678662309889"}}
{"logTime": "0522/050147", "correlationVector":"e+mMcwamsklPdRxsdYQqUq.13","action":"GetUpdates", "result":"DeleteReceived", "context":{"id":"361bcf11-dbaf-4878-b9f2-db0b69e89d65", "isDeleted:":"true", "version":"1678662577424"}}
{"logTime": "0522/050147", "correlationVector":"e+mMcwamsklPdRxsdYQqUq.14","action":"GetUpdates", "result":"DeleteReceived", "context":{"id":"78d2d1fd-77e2-4d63-b2f7-1da8a1a29f34", "isDeleted:":"true", "version":"1678663201625"}}
{"logTime": "0522/050147", "correlationVector":"e+mMcwamsklPdRxsdYQqUq.15","action":"GetUpdates", "result":"DeleteReceived", "context":{"id":"7edae929-8af1-4081-bd91-451119c47818", "isDeleted:":"true", "version":"1678663620118"}}
{"logTime": "0522/050147", "correlationVector":"e+mMcwamsklPdRxsdYQqUq.16","action":"GetUpdates", "result":"DeleteReceived", "context":{"id":"f9529133-f87f-4540-ad53-b5e58401cd1e", "isDeleted:":"true", "version":"1678663935445"}}
{"logTime": "0522/050147", "correlationVector":"e+mMcwamsklPdRxsdYQqUq.17","action":"GetUpdates", "result":"DeleteReceived", "context":{"id":"f7620c1a-5eac-448a-9421-12679974f848", "isDeleted:":"true", "version":"1678663935446"}}
{"logTime": "0522/050147", "correlationVector":"e+mMcwamsklPdRxsdYQqUq.18","action":"GetUpdates", "result":"DeleteReceived", "context":{"id":"a8768e17-71a2-4520-bc10-88e1b2ca3f83", "isDeleted:":"true", "version":"1678833682737"}}
{"logTime": "0522/050147", "correlationVector":"e+mMcwamsklPdRxsdYQqUq.19","action":"GetUpdates", "result":"DeleteReceived", "context":{"id":"af0dba8a-b266-48c0-8645-9af7dcdd6170", "isDeleted:":"true", "version":"1678833863974"}}
{"logTime": "0522/050147", "correlationVector":"e+mMcwamsklPdRxsdYQqUq.20","action":"GetUpdates", "result":"DeleteReceived", "context":{"id":"80407400-1121-4176-a2ba-443393472137", "isDeleted:":"true", "version":"1678833863975"}}
{"logTime": "0522/050147", "correlationVector":"e+mMcwamsklPdRxsdYQqUq.21","action":"GetUpdates", "result":"DeleteReceived", "context":{"id":"981936fb-c241-4518-8a85-2ef837eff8ac", "isDeleted:":"true", "version":"1678833995202"}}
{"logTime": "0522/050147", "correlationVector":"e+mMcwamsklPdRxsdYQqUq.22","action":"GetUpdates", "result":"DeleteReceived", "context":{"id":"68c30c77-1327-46a4-b629-f37dafaf7cca", "isDeleted:":"true", "version":"1679449699189"}}
{"logTime": "0522/050147", "correlationVector":"e+mMcwamsklPdRxsdYQqUq.23","action":"GetUpdates", "result":"DeleteReceived", "context":{"id":"1d888e75-9426-4086-a762-783fe799b5ff", "isDeleted:":"true", "version":"1679805744244"}}
{"logTime": "0522/050147", "correlationVector":"e+mMcwamsklPdRxsdYQqUq.24","action":"GetUpdates", "result":"DeleteReceived", "context":{"id":"19f12692-60ba-4f32-9940-a9ebb5d16391", "isDeleted:":"true", "version":"1679811916494"}}
{"logTime": "0522/050147", "correlationVector":"e+mMcwamsklPdRxsdYQqUq.25","action":"GetUpdates", "result":"DeleteReceived", "context":{"id":"9c9bb2ce-9685-4f93-89f6-85df635e611c", "isDeleted:":"true", "version":"1679811916496"}}
{"logTime": "0522/050147", "correlationVector":"e+mMcwamsklPdRxsdYQqUq.26","action":"GetUpdates", "result":"DeleteReceived", "context":{"id":"adcc3937-2a08-4d2d-9e9d-6d3273a2099e", "isDeleted:":"true", "version":"1679943100623"}}
{"logTime": "0522/050147", "correlationVector":"e+mMcwamsklPdRxsdYQqUq.27","action":"GetUpdates", "result":"DeleteReceived", "context":{"id":"2e2cad8f-31da-449f-982c-9bdb29e62666", "isDeleted:":"true", "version":"1679952904763"}}
{"logTime": "0522/050147", "correlationVector":"e+mMcwamsklPdRxsdYQqUq.28","action":"GetUpdates", "result":"DeleteReceived", "context":{"id":"f3c2123a-1a30-4d11-bc7b-45d196895a7b", "isDeleted:":"true", "version":"1680056201933"}}
{"logTime": "0522/050147", "correlationVector":"e+mMcwamsklPdRxsdYQqUq.29","action":"GetUpdates", "result":"DeleteReceived", "context":{"id":"356c14fc-cd5b-4d03-9d92-2d45b5a00f09", "isDeleted:":"true", "version":"1680056201934"}}
{"logTime": "0522/050147", "correlationVector":"e+mMcwamsklPdRxsdYQqUq.30","action":"GetUpdates", "result":"DeleteReceived", "context":{"id":"d0bbb70f-b3ae-4b94-8417-e14f3959a08c", "isDeleted:":"true", "version":"1680056435232"}}
{"logTime": "0522/050147", "correlationVector":"e+mMcwamsklPdRxsdYQqUq.31","action":"GetUpdates", "result":"DeleteReceived", "context":{"id":"19355bcc-27c9-4dec-8107-7241a1adea7e", "isDeleted:":"true", "version":"1680065084912"}}
{"logTime": "0522/050147", "correlationVector":"e+mMcwamsklPdRxsdYQqUq.32","action":"GetUpdates", "result":"DeleteReceived", "context":{"id":"8e55d814-d3aa-490e-91f1-2f6744180019", "isDeleted:":"true", "version":"1680145055795"}}
{"logTime": "0522/050147", "correlationVector":"e+mMcwamsklPdRxsdYQqUq.33","action":"GetUpdates", "result":"DeleteReceived", "context":{"id":"5c9343b8-8e31-49d9-91b9-016487c59a27", "isDeleted:":"true", "version":"1680145055796"}}
{"logTime": "0522/050147", "correlationVector":"e+mMcwamsklPdRxsdYQqUq.34","action":"GetUpdates", "result":"DeleteReceived", "context":{"id":"ef399b53-185f-4e56-b659-6e963d2e836e", "isDeleted:":"true", "version":"1680145263887"}}
{"logTime": "0522/050147", "correlationVector":"e+mMcwamsklPdRxsdYQqUq.35","action":"GetUpdates", "result":"DeleteReceived", "context":{"id":"f324e3da-1ca1-4de4-ad45-6a163b087993", "isDeleted:":"true", "version":"1680198404694"}}
{"logTime": "0522/050147", "correlationVector":"e+mMcwamsklPdRxsdYQqUq.36","action":"GetUpdates", "result":"DeleteReceived", "context":{"id":"12f71f79-6f1f-4987-aaa2-35bb8f11c869", "isDeleted:":"true", "version":"1680198404697"}}
{"logTime": "0522/050147", "correlationVector":"e+mMcwamsklPdRxsdYQqUq.37","action":"GetUpdates", "result":"DeleteReceived", "context":{"id":"cf301163-3ca5-46db-8f3f-47a386aa83d5", "isDeleted:":"true", "version":"1680198970134"}}
{"logTime": "0522/050147", "correlationVector":"e+mMcwamsklPdRxsdYQqUq.38","action":"GetUpdates", "result":"DeleteReceived", "context":{"id":"498d263a-db78-4acd-878a-60fabf9adfe9", "isDeleted:":"true", "version":"1680218615211"}}
{"logTime": "0522/050147", "correlationVector":"e+mMcwamsklPdRxsdYQqUq.39","action":"GetUpdates", "result":"DeleteReceived", "context":{"id":"1505a10b-e695-4ef4-be9c-e1c4b28f0145", "isDeleted:":"true", "version":"1680279157101"}}
{"logTime": "0522/050147", "correlationVector":"e+mMcwamsklPdRxsdYQqUq.40","action":"GetUpdates", "result":"DeleteReceived", "context":{"id":"4e3a837f-ab99-48b8-966c-ea3f5984931a", "isDeleted:":"true", "version":"1680279157103"}}
{"logTime": "0522/050147", "correlationVector":"e+mMcwamsklPdRxsdYQqUq.41","action":"GetUpdates", "result":"DeleteReceived", "context":{"id":"84976a94-da71-4741-8179-d8dbfacde613", "isDeleted:":"true", "version":"1680286250979"}}
{"logTime": "0522/050147", "correlationVector":"e+mMcwamsklPdRxsdYQqUq.42","action":"GetUpdates", "result":"DeleteReceived", "context":{"id":"49703580-abf0-4935-a5d3-9875cba6db8a", "isDeleted:":"true", "version":"1680327793206"}}
{"logTime": "0522/050147", "correlationVector":"e+mMcwamsklPdRxsdYQqUq.43","action":"GetUpdates", "result":"DeleteReceived", "context":{"id":"94a46d07-78d6-4a4c-8d5f-1417d5c67b37", "isDeleted:":"true", "version":"1680484694512"}}
{"logTime": "0522/050147", "correlationVector":"e+mMcwamsklPdRxsdYQqUq.44","action":"GetUpdates", "result":"DeleteReceived", "context":{"id":"44639e7d-e136-49fa-b7d2-105d84d06c5e", "isDeleted:":"true", "version":"1680484694514"}}
{"logTime": "0522/050147", "correlationVector":"e+mMcwamsklPdRxsdYQqUq.45","action":"GetUpdates", "result":"DeleteReceived", "context":{"id":"590174b1-3ac0-4378-aa84-71112c0dbab6", "isDeleted:":"true", "version":"1680484798391"}}
{"logTime": "0522/050147", "correlationVector":"e+mMcwamsklPdRxsdYQqUq.46","action":"GetUpdates", "result":"DeleteReceived", "context":{"id":"9600be99-8a46-440c-bd47-7286b84a0dc5", "isDeleted:":"true", "version":"1680484798392"}}
{"logTime": "0522/050147", "correlationVector":"e+mMcwamsklPdRxsdYQqUq.47","action":"GetUpdates", "result":"DeleteReceived", "context":{"id":"7a00ea3a-2c0c-4e9d-baab-314bee72d050", "isDeleted:":"true", "version":"1680584702435"}}
{"logTime": "0522/050147", "correlationVector":"e+mMcwamsklPdRxsdYQqUq.48","action":"GetUpdates", "result":"DeleteReceived", "context":{"id":"99e98577-2c34-44b9-b95e-5d74b016f45d", "isDeleted:":"true", "version":"1680585130378"}}
{"logTime": "0522/050147", "correlationVector":"e+mMcwamsklPdRxsdYQqUq.49","action":"GetUpdates", "result":"DeleteReceived", "context":{"id":"f06e430c-79e9-4637-8778-3ddcbca27045", "isDeleted:":"true", "version":"1680658439743"}}
{"logTime": "0522/050147", "correlationVector":"e+mMcwamsklPdRxsdYQqUq.50","action":"GetUpdates", "result":"DeleteReceived", "context":{"id":"6135d81f-0d98-4633-be36-33a209e283ad", "isDeleted:":"true", "version":"1680658439745"}}
{"logTime": "0522/050147", "correlationVector":"e+mMcwamsklPdRxsdYQqUq.51","action":"GetUpdates", "result":"DeleteReceived", "context":{"id":"7af11bf5-0cc4-46f0-8538-977062d46404", "isDeleted:":"true", "version":"1680658597034"}}
{"logTime": "0522/050147", "correlationVector":"e+mMcwamsklPdRxsdYQqUq.52","action":"GetUpdates", "result":"DeleteReceived", "context":{"id":"e4c3fded-b2c8-4a26-ac8f-33d508e3637d", "isDeleted:":"true", "version":"1680669553164"}}
{"logTime": "0522/050147", "correlationVector":"e+mMcwamsklPdRxsdYQqUq.53","action":"GetUpdates", "result":"DeleteReceived", "context":{"id":"128721af-a462-45b2-8d6b-8d08c3ce8c67", "isDeleted:":"true", "version":"1680669553165"}}
{"logTime": "0522/050147", "correlationVector":"e+mMcwamsklPdRxsdYQqUq.54","action":"GetUpdates", "result":"DeleteReceived", "context":{"id":"8e7c1720-13df-4a9a-8b9c-a7e656e13b2e", "isDeleted:":"true", "version":"1680669553166"}}
{"logTime": "0522/050147", "correlationVector":"e+mMcwamsklPdRxsdYQqUq.55","action":"GetUpdates", "result":"DeleteReceived", "context":{"id":"a15f093d-6211-4834-826b-7fbbbb4f8240", "isDeleted:":"true", "version":"1680676999127"}}
{"logTime": "0522/050147", "correlationVector":"e+mMcwamsklPdRxsdYQqUq.56","action":"GetUpdates", "result":"DeleteReceived", "context":{"id":"48bc70ac-d4ec-4a52-9d32-943d71cb94cb", "isDeleted:":"true", "version":"1680677508124"}}
{"logTime": "0522/050147", "correlationVector":"e+mMcwamsklPdRxsdYQqUq.57","action":"GetUpdates", "result":"DeleteReceived", "context":{"id":"cd04d7e6-312c-49f6-bd89-196e82b96f11", "isDeleted:":"true", "version":"1680825283388"}}
{"logTime": "0522/050147", "correlationVector":"e+mMcwamsklPdRxsdYQqUq.58","action":"GetUpdates", "result":"DeleteReceived", "context":{"id":"eb82027e-6363-4d4c-8505-0569626d1c16", "isDeleted:":"true", "version":"1680825451437"}}
{"logTime": "0522/050147", "correlationVector":"e+mMcwamsklPdRxsdYQqUq.59","action":"GetUpdates", "result":"DeleteReceived", "context":{"id":"e30230e6-ddf7-412b-8893-da280b9411db", "isDeleted:":"true", "version":"1680827242837"}}
{"logTime": "0522/050147", "correlationVector":"e+mMcwamsklPdRxsdYQqUq.60","action":"GetUpdates", "result":"DeleteReceived", "context":{"id":"3b6daa65-eaae-4e5c-a710-54b4218d6d74", "isDeleted:":"true", "version":"1680927694807"}}
{"logTime": "0522/050147", "correlationVector":"e+mMcwamsklPdRxsdYQqUq.61","action":"GetUpdates", "result":"DeleteReceived", "context":{"id":"48ec1c36-1d08-45cc-bbc4-7b2916b48a17", "isDeleted:":"true", "version":"1680931801186"}}
{"logTime": "0522/050147", "correlationVector":"e+mMcwamsklPdRxsdYQqUq.62","action":"GetUpdates", "result":"DeleteReceived", "context":{"id":"b1de8e35-3d80-4234-9f23-585b598ebf14", "isDeleted:":"true", "version":"1680931801187"}}
{"logTime": "0522/050147", "correlationVector":"e+mMcwamsklPdRxsdYQqUq.63","action":"GetUpdates", "result":"DeleteReceived", "context":{"id":"3aa2da85-b104-4b23-8dee-247639ff6ecc", "isDeleted:":"true", "version":"1680931801189"}}
{"logTime": "0522/050147", "correlationVector":"e+mMcwamsklPdRxsdYQqUq.64","action":"GetUpdates", "result":"DeleteReceived", "context":{"id":"0fe78f0c-dcbc-4cbb-abcc-b67b935450a6", "isDeleted:":"true", "version":"1680991721590"}}
{"logTime": "0522/050147", "correlationVector":"e+mMcwamsklPdRxsdYQqUq.65","action":"GetUpdates", "result":"DeleteReceived", "context":{"id":"1a8c093f-4173-4ca5-ab5c-9a28dc03ac1c", "isDeleted:":"true", "version":"1680991783619"}}
{"logTime": "0522/050147", "correlationVector":"e+mMcwamsklPdRxsdYQqUq.66","action":"GetUpdates", "result":"DeleteReceived", "context":{"id":"80ec1cd9-77c4-4fb8-bbca-cf54576e9b2a", "isDeleted:":"true", "version":"1680991783620"}}
{"logTime": "0522/050147", "correlationVector":"e+mMcwamsklPdRxsdYQqUq.67","action":"GetUpdates", "result":"DeleteReceived", "context":{"id":"045974af-227f-4e72-8d30-e53ef3b9bd18", "isDeleted:":"true", "version":"1680995098408"}}
{"logTime": "0522/050147", "correlationVector":"e+mMcwamsklPdRxsdYQqUq.68","action":"GetUpdates", "result":"DeleteReceived", "context":{"id":"30dae7f6-436c-4733-93cb-59af72d7ed29", "isDeleted:":"true", "version":"1680995098410"}}
{"logTime": "0522/050147", "correlationVector":"e+mMcwamsklPdRxsdYQqUq.69","action":"GetUpdates", "result":"DeleteReceived", "context":{"id":"5c48bdbb-a67b-46ca-b040-5c3d40b59840", "isDeleted:":"true", "version":"1680995098411"}}
{"logTime": "0522/050147", "correlationVector":"e+mMcwamsklPdRxsdYQqUq.70","action":"GetUpdates", "result":"DeleteReceived", "context":{"id":"a7764514-5a08-4a34-8d18-8afe8f51ec1e", "isDeleted:":"true", "version":"1680995423216"}}
{"logTime": "0522/050147", "correlationVector":"e+mMcwamsklPdRxsdYQqUq.71","action":"GetUpdates", "result":"DeleteReceived", "context":{"id":"9f939ebe-4ad1-43f5-bc51-0ef8f9032ff9", "isDeleted:":"true", "version":"1680995423218"}}
{"logTime": "0522/050147", "correlationVector":"e+mMcwamsklPdRxsdYQqUq.72","action":"GetUpdates", "result":"DeleteReceived", "context":{"id":"ee92c8a5-fd8d-4d03-82d6-b906435df689", "isDeleted:":"true", "version":"1680995423219"}}
{"logTime": "0522/050147", "correlationVector":"e+mMcwamsklPdRxsdYQqUq.73","action":"GetUpdates", "result":"DeleteReceived", "context":{"id":"da1cbd92-f8c9-454c-8633-e7dbef75b640", "isDeleted:":"true", "version":"1681011675675"}}
{"logTime": "0522/050147", "correlationVector":"e+mMcwamsklPdRxsdYQqUq.74","action":"GetUpdates", "result":"DeleteReceived", "context":{"id":"9062f12e-b554-410c-98ca-c38084b063ab", "isDeleted:":"true", "version":"1681011675676"}}
{"logTime": "0522/050147", "correlationVector":"e+mMcwamsklPdRxsdYQqUq.75","action":"GetUpdates", "result":"DeleteReceived", "context":{"id":"699100ff-199f-4e51-8c38-c170f367e4fb", "isDeleted:":"true", "version":"1681011802041"}}
{"logTime": "0522/050147", "correlationVector":"e+mMcwamsklPdRxsdYQqUq.76","action":"GetUpdates", "result":"DeleteReceived", "context":{"id":"9bd1c99b-1f23-4448-bea8-db08ec9b6fda", "isDeleted:":"true", "version":"1681019678706"}}
{"logTime": "0522/050147", "correlationVector":"e+mMcwamsklPdRxsdYQqUq.77","action":"GetUpdates", "result":"DeleteReceived", "context":{"id":"42d24e40-59d4-4ee4-9971-298929f3af43", "isDeleted:":"true", "version":"1681178564038"}}
{"logTime": "0522/050147", "correlationVector":"e+mMcwamsklPdRxsdYQqUq.78","action":"GetUpdates", "result":"DeleteReceived", "context":{"id":"f670ff8a-3ada-4ff0-9fcf-232d603cb6d6", "isDeleted:":"true", "version":"1681178564040"}}
{"logTime": "0522/050147", "correlationVector":"e+mMcwamsklPdRxsdYQqUq.79","action":"GetUpdates", "result":"DeleteReceived", "context":{"id":"ab0ca0a5-9df6-464d-a9b0-8013412915ae", "isDeleted:":"true", "version":"1681178603110"}}
{"logTime": "0522/050147", "correlationVector":"e+mMcwamsklPdRxsdYQqUq.80","action":"GetUpdates", "result":"DeleteReceived", "context":{"id":"35b14c73-31ae-455d-824a-930f9ac0b87d", "isDeleted:":"true", "version":"1681189393593"}}
{"logTime": "0522/050147", "correlationVector":"e+mMcwamsklPdRxsdYQqUq.81","action":"GetUpdates", "result":"DeleteReceived", "context":{"id":"79e77687-f37d-455d-bfac-94e913139663", "isDeleted:":"true", "version":"1681189393594"}}
{"logTime": "0522/050147", "correlationVector":"e+mMcwamsklPdRxsdYQqUq.82","action":"GetUpdates", "result":"DeleteReceived", "context":{"id":"8d1966fa-0ceb-4bce-ae22-53c4d2076d91", "isDeleted:":"true", "version":"1681325861426"}}
{"logTime": "0522/050147", "correlationVector":"e+mMcwamsklPdRxsdYQqUq.83","action":"GetUpdates", "result":"DeleteReceived", "context":{"id":"850fad75-0e9f-466c-b79f-be571fbc51f2", "isDeleted:":"true", "version":"1681325861428"}}
{"logTime": "0522/050147", "correlationVector":"e+mMcwamsklPdRxsdYQqUq.84","action":"GetUpdates", "result":"DeleteReceived", "context":{"id":"7cf88274-8cc1-4d26-8c08-f7abe8aa8d4f", "isDeleted:":"true", "version":"1681337935219"}}
{"logTime": "0522/050147", "correlationVector":"e+mMcwamsklPdRxsdYQqUq.85","action":"GetUpdates", "result":"DeleteReceived", "context":{"id":"821f7472-effe-45ad-95d2-b9ba75f79aa0", "isDeleted:":"true", "version":"1681337971011"}}
{"logTime": "0522/050147", "correlationVector":"e+mMcwamsklPdRxsdYQqUq.86","action":"GetUpdates", "result":"DeleteReceived", "context":{"id":"ed884ee1-659f-4595-9b6e-bf0524dcb97e", "isDeleted:":"true", "version":"1681343270335"}}
{"logTime": "0522/050147", "correlationVector":"e+mMcwamsklPdRxsdYQqUq.87","action":"GetUpdates", "result":"DeleteReceived", "context":{"id":"077e99e5-0d0a-4999-a469-f7fac0213a46", "isDeleted:":"true", "version":"1681527141499"}}
{"logTime": "0522/050147", "correlationVector":"e+mMcwamsklPdRxsdYQqUq.88","action":"GetUpdates", "result":"DeleteReceived", "context":{"id":"6f9b9602-6974-44ac-b2f7-fcbfb968354a", "isDeleted:":"true", "version":"1681532045709"}}
{"logTime": "0522/050147", "correlationVector":"e+mMcwamsklPdRxsdYQqUq.89","action":"GetUpdates", "result":"DeleteReceived", "context":{"id":"35a10af3-100f-45f4-a12a-eb6629e96b58", "isDeleted:":"true", "version":"1681532045711"}}
{"logTime": "0522/050147", "correlationVector":"e+mMcwamsklPdRxsdYQqUq.90","action":"GetUpdates", "result":"DeleteReceived", "context":{"id":"2c13704b-965d-44b1-ab12-78c7d80f61bf", "isDeleted:":"true", "version":"1681537823145"}}
{"logTime": "0522/050147", "correlationVector":"e+mMcwamsklPdRxsdYQqUq.91","action":"GetUpdates", "result":"DeleteReceived", "context":{"id":"249529f1-80fb-4979-90fe-992f4ee5950a", "isDeleted:":"true", "version":"1681616549408"}}
{"logTime": "0522/050147", "correlationVector":"e+mMcwamsklPdRxsdYQqUq.92","action":"GetUpdates", "result":"DeleteReceived", "context":{"id":"30d869af-0014-4695-bb5f-ad7e33fe351b", "isDeleted:":"true", "version":"1681616549409"}}
{"logTime": "0522/050147", "correlationVector":"e+mMcwamsklPdRxsdYQqUq.93","action":"GetUpdates", "result":"DeleteReceived", "context":{"id":"75f2ae5b-1251-480d-823f-9c154e3830f6", "isDeleted:":"true", "version":"1681620031632"}}
{"logTime": "0522/050147", "correlationVector":"e+mMcwamsklPdRxsdYQqUq.94","action":"GetUpdates", "result":"DeleteReceived", "context":{"id":"8a6430ea-c55e-41d5-822a-a6768b9e11ed", "isDeleted:":"true", "version":"1681662968058"}}
{"logTime": "0522/050147", "correlationVector":"e+mMcwamsklPdRxsdYQqUq.95","action":"GetUpdates", "result":"DeleteReceived", "context":{"id":"9588d61b-fedd-43f1-a5ae-70a8c9fffe32", "isDeleted:":"true", "version":"1681662968061"}}
{"logTime": "0522/050147", "correlationVector":"e+mMcwamsklPdRxsdYQqUq.96","action":"GetUpdates", "result":"DeleteReceived", "context":{"id":"74632e54-1d15-459a-b4d6-f090ae14a562", "isDeleted:":"true", "version":"1681693217743"}}
{"logTime": "0522/050147", "correlationVector":"e+mMcwamsklPdRxsdYQqUq.97","action":"GetUpdates Response", "result":"SERVER_MORE_TO_DOWNLOAD", "context":Received 250 update(s).  Some updates remain.}
{"logTime": "0522/050147", "correlationVector":"NgWUyBhsZI1q4sQDsMnGs/","action":"Initial GetUpdates", "result":"", "context":Reason: RECONFIGURATION. cV=NgWUyBhsZI1q4sQDsMnGs/}
{"logTime": "0522/050147", "correlationVector":"NgWUyBhsZI1q4sQDsMnGs/.1","action":"SyncServerConnectionManagerRequest", "result":"SYNC_SERVER_OK", "context":{"environment":"Prod_EastUS2_000e", "migrationStage":"NotStarted", "server":"GENERAL0100000I"}}
{"logTime": "0522/050147", "correlationVector":"NgWUyBhsZI1q4sQDsMnGs/.2","action":"GetUpdates", "result":"DeleteReceived", "context":{"id":"9c228ea4-69a1-4bdc-9e30-e9d7f3526482", "isDeleted:":"true", "version":"1682118706655"}}
{"logTime": "0522/050147", "correlationVector":"NgWUyBhsZI1q4sQDsMnGs/.3","action":"GetUpdates", "result":"DeleteReceived", "context":{"id":"c75fb655-683a-4ec7-a795-1d654b8904c0", "isDeleted:":"true", "version":"1682892707065"}}
{"logTime": "0522/050147", "correlationVector":"NgWUyBhsZI1q4sQDsMnGs/.4","action":"GetUpdates", "result":"DeleteReceived", "context":{"id":"64b2570f-13cb-4779-9acc-e071eb5333d5", "isDeleted:":"true", "version":"1681693217744"}}
{"logTime": "0522/050147", "correlationVector":"NgWUyBhsZI1q4sQDsMnGs/.5","action":"GetUpdates", "result":"DeleteReceived", "context":{"id":"a761e960-00d5-4f72-abf2-199a00412d54", "isDeleted:":"true", "version":"1681798842399"}}
{"logTime": "0522/050147", "correlationVector":"NgWUyBhsZI1q4sQDsMnGs/.6","action":"GetUpdates", "result":"DeleteReceived", "context":{"id":"a4122834-47ea-45ce-bdf9-f01c1bd4a3e6", "isDeleted:":"true", "version":"1681798842400"}}
{"logTime": "0522/050147", "correlationVector":"NgWUyBhsZI1q4sQDsMnGs/.7","action":"GetUpdates", "result":"DeleteReceived", "context":{"id":"cb37544c-710c-4e8e-a2f9-cead7bcf6c15", "isDeleted:":"true", "version":"1681798842403"}}
{"logTime": "0522/050147", "correlationVector":"NgWUyBhsZI1q4sQDsMnGs/.8","action":"GetUpdates", "result":"DeleteReceived", "context":{"id":"9b28a4b0-97f1-4c84-b069-cd86c64532f4", "isDeleted:":"true", "version":"1681798951382"}}
{"logTime": "0522/050147", "correlationVector":"NgWUyBhsZI1q4sQDsMnGs/.9","action":"GetUpdates", "result":"DeleteReceived", "context":{"id":"3bf3b42d-84bd-45db-b3c5-623fa5376607", "isDeleted:":"true", "version":"1681800757671"}}
{"logTime": "0522/050147", "correlationVector":"NgWUyBhsZI1q4sQDsMnGs/.10","action":"GetUpdates", "result":"DeleteReceived", "context":{"id":"19c6c614-c737-4590-8024-8f2485514dad", "isDeleted:":"true", "version":"1681854263104"}}
{"logTime": "0522/050147", "correlationVector":"NgWUyBhsZI1q4sQDsMnGs/.11","action":"GetUpdates", "result":"DeleteReceived", "context":{"id":"59e72a64-6bea-4cfc-8195-6d91a3dfc747", "isDeleted:":"true", "version":"1681854263106"}}
{"logTime": "0522/050147", "correlationVector":"NgWUyBhsZI1q4sQDsMnGs/.12","action":"GetUpdates", "result":"DeleteReceived", "context":{"id":"715b0863-cd40-451e-8132-db469fe6d7ed", "isDeleted:":"true", "version":"1682118706659"}}
{"logTime": "0522/050147", "correlationVector":"NgWUyBhsZI1q4sQDsMnGs/.13","action":"GetUpdates", "result":"DeleteReceived", "context":{"id":"ada47b24-a580-4b8f-a662-1588dc8b8aa5", "isDeleted:":"true", "version":"1682118706660"}}
{"logTime": "0522/050147", "correlationVector":"NgWUyBhsZI1q4sQDsMnGs/.14","action":"GetUpdates", "result":"DeleteReceived", "context":{"id":"b2b787c1-92c7-4daf-9953-ba684ae0c827", "isDeleted:":"true", "version":"1682124370317"}}
{"logTime": "0522/050147", "correlationVector":"NgWUyBhsZI1q4sQDsMnGs/.15","action":"GetUpdates", "result":"DeleteReceived", "context":{"id":"2fcb3c3d-4048-4325-ab5c-0b3189b8dcd1", "isDeleted:":"true", "version":"1682484547037"}}
{"logTime": "0522/050147", "correlationVector":"NgWUyBhsZI1q4sQDsMnGs/.16","action":"GetUpdates", "result":"DeleteReceived", "context":{"id":"587055d7-d649-400b-a0bb-8cdc0b4cc6d5", "isDeleted:":"true", "version":"1682484547038"}}
{"logTime": "0522/050147", "correlationVector":"NgWUyBhsZI1q4sQDsMnGs/.17","action":"GetUpdates", "result":"DeleteReceived", "context":{"id":"b8f1b21d-e39b-4a17-81d2-ec9ebcaa1d2c", "isDeleted:":"true", "version":"1682574493351"}}
{"logTime": "0522/050147", "correlationVector":"NgWUyBhsZI1q4sQDsMnGs/.18","action":"GetUpdates", "result":"DeleteReceived", "context":{"id":"e0beebc4-1ae5-4e89-9db1-771d8cc17927", "isDeleted:":"true", "version":"1682574493354"}}
{"logTime": "0522/050147", "correlationVector":"NgWUyBhsZI1q4sQDsMnGs/.19","action":"GetUpdates", "result":"DeleteReceived", "context":{"id":"c5c7586e-67d4-485d-8e84-fda02cfec748", "isDeleted:":"true", "version":"1682642034606"}}
{"logTime": "0522/050147", "correlationVector":"NgWUyBhsZI1q4sQDsMnGs/.20","action":"GetUpdates", "result":"DeleteReceived", "context":{"id":"061160ec-3076-4ce9-9165-9e71a14411d9", "isDeleted:":"true", "version":"1682642034608"}}
{"logTime": "0522/050147", "correlationVector":"NgWUyBhsZI1q4sQDsMnGs/.21","action":"GetUpdates", "result":"DeleteReceived", "context":{"id":"a8ec2c92-39db-4637-a2f7-0443b455a4ee", "isDeleted:":"true", "version":"1682667672228"}}
{"logTime": "0522/050147", "correlationVector":"NgWUyBhsZI1q4sQDsMnGs/.22","action":"GetUpdates", "result":"DeleteReceived", "context":{"id":"1a65df4b-c895-4a06-b800-a6882cbb85fb", "isDeleted:":"true", "version":"1682667672230"}}
{"logTime": "0522/050147", "correlationVector":"NgWUyBhsZI1q4sQDsMnGs/.23","action":"GetUpdates", "result":"DeleteReceived", "context":{"id":"de232742-684f-4f3d-b67f-c4309c804bd2", "isDeleted:":"true", "version":"1682667672232"}}
{"logTime": "0522/050147", "correlationVector":"NgWUyBhsZI1q4sQDsMnGs/.24","action":"GetUpdates", "result":"DeleteReceived", "context":{"id":"d71ccf2d-8e05-4ab5-954c-49acb9ac2490", "isDeleted:":"true", "version":"1682668967159"}}
{"logTime": "0522/050147", "correlationVector":"NgWUyBhsZI1q4sQDsMnGs/.25","action":"GetUpdates", "result":"DeleteReceived", "context":{"id":"027cc55e-df53-405d-9d2c-42b901e9046e", "isDeleted:":"true", "version":"1682892707066"}}
{"logTime": "0522/050147", "correlationVector":"NgWUyBhsZI1q4sQDsMnGs/.26","action":"GetUpdates", "result":"DeleteReceived", "context":{"id":"baea5806-8194-4f36-863e-be391e142ac6", "isDeleted:":"true", "version":"1682892707069"}}
{"logTime": "0522/050147", "correlationVector":"NgWUyBhsZI1q4sQDsMnGs/.27","action":"GetUpdates", "result":"DeleteReceived", "context":{"id":"203ab55f-9851-4468-9621-bf0218810c57", "isDeleted:":"true", "version":"1682892707070"}}
{"logTime": "0522/050147", "correlationVector":"NgWUyBhsZI1q4sQDsMnGs/.28","action":"GetUpdates", "result":"DeleteReceived", "context":{"id":"08c6c297-e31c-4a4a-9f40-85abf43850fa", "isDeleted:":"true", "version":"1682893994185"}}
{"logTime": "0522/050147", "correlationVector":"NgWUyBhsZI1q4sQDsMnGs/.29","action":"GetUpdates", "result":"DeleteReceived", "context":{"id":"d2f14990-926f-4ed7-bf0e-80fb0135f553", "isDeleted:":"true", "version":"1682912270187"}}
{"logTime": "0522/050147", "correlationVector":"NgWUyBhsZI1q4sQDsMnGs/.30","action":"GetUpdates", "result":"DeleteReceived", "context":{"id":"ea7bc202-d02f-4788-8043-0059031ca376", "isDeleted:":"true", "version":"1682912334643"}}
{"logTime": "0522/050147", "correlationVector":"NgWUyBhsZI1q4sQDsMnGs/.31","action":"GetUpdates", "result":"DeleteReceived", "context":{"id":"d96208c5-376a-4963-aa49-6070b10af0bd", "isDeleted:":"true", "version":"1682924023655"}}
{"logTime": "0522/050147", "correlationVector":"NgWUyBhsZI1q4sQDsMnGs/.32","action":"GetUpdates", "result":"DeleteReceived", "context":{"id":"a4daa2d9-fa7e-4fe0-80db-a4f19db88474", "isDeleted:":"true", "version":"1682996834319"}}
{"logTime": "0522/050147", "correlationVector":"NgWUyBhsZI1q4sQDsMnGs/.33","action":"GetUpdates", "result":"DeleteReceived", "context":{"id":"4d1cf9ed-05db-4cae-b08f-f58c310fb41f", "isDeleted:":"true", "version":"1682996834320"}}
{"logTime": "0522/050147", "correlationVector":"NgWUyBhsZI1q4sQDsMnGs/.34","action":"GetUpdates", "result":"DeleteReceived", "context":{"id":"175b83f3-5788-4e70-8d2e-b0491a73d140", "isDeleted:":"true", "version":"1682997701457"}}
{"logTime": "0522/050147", "correlationVector":"NgWUyBhsZI1q4sQDsMnGs/.35","action":"GetUpdates", "result":"DeleteReceived", "context":{"id":"1055e910-4b53-42e7-9cab-ed3e6302d2b8", "isDeleted:":"true", "version":"1683074459154"}}
{"logTime": "0522/050147", "correlationVector":"NgWUyBhsZI1q4sQDsMnGs/.36","action":"GetUpdates", "result":"DeleteReceived", "context":{"id":"2f0feab8-c765-4bd4-8afd-ffa383726352", "isDeleted:":"true", "version":"1683074459157"}}
{"logTime": "0522/050147", "correlationVector":"NgWUyBhsZI1q4sQDsMnGs/.37","action":"GetUpdates", "result":"DeleteReceived", "context":{"id":"6767d322-2d6a-4397-b3c4-4b3d3feb42fe", "isDeleted:":"true", "version":"1683249601856"}}
{"logTime": "0522/050147", "correlationVector":"NgWUyBhsZI1q4sQDsMnGs/.38","action":"GetUpdates", "result":"DeleteReceived", "context":{"id":"fe900dae-4407-46ef-8247-e9b7bf25ccec", "isDeleted:":"true", "version":"1683336992143"}}
{"logTime": "0522/050147", "correlationVector":"NgWUyBhsZI1q4sQDsMnGs/.39","action":"GetUpdates", "result":"DeleteReceived", "context":{"id":"1fbb1ff1-76f8-4d95-b5c4-f4c7d7581b65", "isDeleted:":"true", "version":"1683336992144"}}
{"logTime": "0522/050147", "correlationVector":"NgWUyBhsZI1q4sQDsMnGs/.40","action":"GetUpdates", "result":"DeleteReceived", "context":{"id":"e12b69cb-8e85-4da8-9eca-1907b2663517", "isDeleted:":"true", "version":"1683336992145"}}
{"logTime": "0522/050147", "correlationVector":"NgWUyBhsZI1q4sQDsMnGs/.41","action":"GetUpdates", "result":"DeleteReceived", "context":{"id":"9b826210-6c96-40b4-b92c-5912611cf829", "isDeleted:":"true", "version":"1683336992147"}}
{"logTime": "0522/050147", "correlationVector":"NgWUyBhsZI1q4sQDsMnGs/.42","action":"GetUpdates", "result":"DeleteReceived", "context":{"id":"ac034f4f-6b01-4767-a534-25686dc8cf22", "isDeleted:":"true", "version":"1683338684462"}}
{"logTime": "0522/050147", "correlationVector":"NgWUyBhsZI1q4sQDsMnGs/.43","action":"GetUpdates", "result":"DeleteReceived", "context":{"id":"9ebffa98-be26-4b0d-9367-d02443ee25a9", "isDeleted:":"true", "version":"1683338684463"}}
{"logTime": "0522/050147", "correlationVector":"NgWUyBhsZI1q4sQDsMnGs/.44","action":"GetUpdates", "result":"DeleteReceived", "context":{"id":"4ca2783f-cd75-41e5-b3ba-f59c5ba8f172", "isDeleted:":"true", "version":"1683338684469"}}
{"logTime": "0522/050147", "correlationVector":"NgWUyBhsZI1q4sQDsMnGs/.45","action":"GetUpdates", "result":"DeleteReceived", "context":{"id":"710aa0d4-0ed2-45a2-9e61-748cbbd0236c", "isDeleted:":"true", "version":"1683338715062"}}
{"logTime": "0522/050147", "correlationVector":"NgWUyBhsZI1q4sQDsMnGs/.46","action":"GetUpdates", "result":"DeleteReceived", "context":{"id":"420265d9-f9da-44d5-a73b-00b5d9997356", "isDeleted:":"true", "version":"1683338831865"}}
{"logTime": "0522/050147", "correlationVector":"NgWUyBhsZI1q4sQDsMnGs/.47","action":"GetUpdates", "result":"DeleteReceived", "context":{"id":"0f8deace-924d-4410-89fb-92b9608bdb50", "isDeleted:":"true", "version":"1683338831866"}}
{"logTime": "0522/050147", "correlationVector":"NgWUyBhsZI1q4sQDsMnGs/.48","action":"GetUpdates", "result":"DeleteReceived", "context":{"id":"29668bbb-c6d3-47e3-be5b-fd48e2b0fdbe", "isDeleted:":"true", "version":"1683338831868"}}
{"logTime": "0522/050147", "correlationVector":"NgWUyBhsZI1q4sQDsMnGs/.49","action":"GetUpdates", "result":"DeleteReceived", "context":{"id":"6f8acde5-5335-41c0-b5c4-38de1cbd02e3", "isDeleted:":"true", "version":"1683347011171"}}
{"logTime": "0522/050147", "correlationVector":"NgWUyBhsZI1q4sQDsMnGs/.50","action":"GetUpdates", "result":"DeleteReceived", "context":{"id":"4d4f6a1e-25fd-463f-b171-73b6845b1844", "isDeleted:":"true", "version":"1683347011172"}}
{"logTime": "0522/050147", "correlationVector":"NgWUyBhsZI1q4sQDsMnGs/.51","action":"GetUpdates", "result":"DeleteReceived", "context":{"id":"f19037ab-fef8-4994-b10e-30116c974662", "isDeleted:":"true", "version":"1683347011174"}}
{"logTime": "0522/050147", "correlationVector":"NgWUyBhsZI1q4sQDsMnGs/.52","action":"GetUpdates", "result":"DeleteReceived", "context":{"id":"290fbb57-412c-4e22-ab66-f5b97317bf88", "isDeleted:":"true", "version":"1683347011175"}}
{"logTime": "0522/050147", "correlationVector":"NgWUyBhsZI1q4sQDsMnGs/.53","action":"GetUpdates", "result":"DeleteReceived", "context":{"id":"f3224460-e26d-40d9-bf30-c188001a616f", "isDeleted:":"true", "version":"1683347011177"}}
{"logTime": "0522/050147", "correlationVector":"NgWUyBhsZI1q4sQDsMnGs/.54","action":"GetUpdates", "result":"DeleteReceived", "context":{"id":"eaf102de-5cac-4a08-8da7-01ce1f852597", "isDeleted:":"true", "version":"1683348190407"}}
{"logTime": "0522/050147", "correlationVector":"NgWUyBhsZI1q4sQDsMnGs/.55","action":"GetUpdates", "result":"DeleteReceived", "context":{"id":"0eef7d57-77c7-44e9-a6d5-88dc26ee44bc", "isDeleted:":"true", "version":"1683348190408"}}
{"logTime": "0522/050147", "correlationVector":"NgWUyBhsZI1q4sQDsMnGs/.56","action":"GetUpdates", "result":"DeleteReceived", "context":{"id":"665ee852-d352-41e6-ad1c-7209d21a01fc", "isDeleted:":"true", "version":"1683348190412"}}
{"logTime": "0522/050147", "correlationVector":"NgWUyBhsZI1q4sQDsMnGs/.57","action":"GetUpdates", "result":"DeleteReceived", "context":{"id":"d2622c9f-fb6e-4623-9a3f-1ced2554d183", "isDeleted:":"true", "version":"1683348190415"}}
{"logTime": "0522/050147", "correlationVector":"NgWUyBhsZI1q4sQDsMnGs/.58","action":"GetUpdates", "result":"DeleteReceived", "context":{"id":"ee871cce-e666-4592-8fa0-e56847438c3f", "isDeleted:":"true", "version":"1683348419997"}}
{"logTime": "0522/050147", "correlationVector":"NgWUyBhsZI1q4sQDsMnGs/.59","action":"GetUpdates", "result":"DeleteReceived", "context":{"id":"b18fc877-e9a8-4918-8481-ae01f3cf1119", "isDeleted:":"true", "version":"1683555407580"}}
{"logTime": "0522/050147", "correlationVector":"NgWUyBhsZI1q4sQDsMnGs/.60","action":"GetUpdates", "result":"DeleteReceived", "context":{"id":"88d2f023-1584-44aa-8a1e-edd921825a67", "isDeleted:":"true", "version":"1683555407584"}}
{"logTime": "0522/050147", "correlationVector":"NgWUyBhsZI1q4sQDsMnGs/.61","action":"GetUpdates", "result":"DeleteReceived", "context":{"id":"c7fa9c4d-71c3-402b-bd49-96c2f1f19d34", "isDeleted:":"true", "version":"1683555407585"}}
{"logTime": "0522/050147", "correlationVector":"NgWUyBhsZI1q4sQDsMnGs/.62","action":"GetUpdates", "result":"DeleteReceived", "context":{"id":"0cbf8dd3-1f20-4288-b25b-fb1c9f125704", "isDeleted:":"true", "version":"1683555407588"}}
{"logTime": "0522/050147", "correlationVector":"NgWUyBhsZI1q4sQDsMnGs/.63","action":"GetUpdates", "result":"DeleteReceived", "context":{"id":"3208d83f-e43d-4a1b-b6dd-753c8307e553", "isDeleted:":"true", "version":"1683555407590"}}
{"logTime": "0522/050147", "correlationVector":"NgWUyBhsZI1q4sQDsMnGs/.64","action":"GetUpdates", "result":"DeleteReceived", "context":{"id":"9767e42a-22a8-430f-81bc-138d6a415293", "isDeleted:":"true", "version":"1683555437098"}}
{"logTime": "0522/050147", "correlationVector":"NgWUyBhsZI1q4sQDsMnGs/.65","action":"GetUpdates", "result":"DeleteReceived", "context":{"id":"9ccd1525-cae0-4190-9c3e-4d18baa7a3f2", "isDeleted:":"true", "version":"1683555438894"}}
{"logTime": "0522/050147", "correlationVector":"NgWUyBhsZI1q4sQDsMnGs/.66","action":"GetUpdates", "result":"DeleteReceived", "context":{"id":"06f862cf-5a29-481c-a35e-4fffe4cbedd3", "isDeleted:":"true", "version":"1683555724517"}}
{"logTime": "0522/050147", "correlationVector":"NgWUyBhsZI1q4sQDsMnGs/.67","action":"GetUpdates", "result":"DeleteReceived", "context":{"id":"6f689dc6-f25e-4299-94b0-06fa4df53adb", "isDeleted:":"true", "version":"1683602599364"}}
{"logTime": "0522/050147", "correlationVector":"NgWUyBhsZI1q4sQDsMnGs/.68","action":"GetUpdates", "result":"DeleteReceived", "context":{"id":"fe5218d7-a516-4f55-a042-f64187f40e23", "isDeleted:":"true", "version":"1683602599367"}}
{"logTime": "0522/050147", "correlationVector":"NgWUyBhsZI1q4sQDsMnGs/.69","action":"GetUpdates", "result":"DeleteReceived", "context":{"id":"bd391fa7-9592-409f-ac75-59f119028358", "isDeleted:":"true", "version":"1683602599369"}}
{"logTime": "0522/050147", "correlationVector":"NgWUyBhsZI1q4sQDsMnGs/.70","action":"GetUpdates", "result":"DeleteReceived", "context":{"id":"8872019d-62ef-436c-8453-2ce75d5c5912", "isDeleted:":"true", "version":"1683604198106"}}
{"logTime": "0522/050147", "correlationVector":"NgWUyBhsZI1q4sQDsMnGs/.71","action":"GetUpdates", "result":"DeleteReceived", "context":{"id":"ba623500-e434-4361-a6e0-fdb368edc8e9", "isDeleted:":"true", "version":"1683687763312"}}
{"logTime": "0522/050147", "correlationVector":"NgWUyBhsZI1q4sQDsMnGs/.72","action":"GetUpdates", "result":"DeleteReceived", "context":{"id":"aadf80b7-566e-445a-bdc5-84fc8d24dde5", "isDeleted:":"true", "version":"1683687763314"}}
{"logTime": "0522/050147", "correlationVector":"NgWUyBhsZI1q4sQDsMnGs/.73","action":"GetUpdates", "result":"DeleteReceived", "context":{"id":"b2a213e3-43eb-467c-8175-aaa045c3502b", "isDeleted:":"true", "version":"1683687763315"}}
{"logTime": "0522/050147", "correlationVector":"NgWUyBhsZI1q4sQDsMnGs/.74","action":"GetUpdates", "result":"DeleteReceived", "context":{"id":"25ad6d96-204d-44f1-bd56-6782c772b27a", "isDeleted:":"true", "version":"1683725476407"}}
{"logTime": "0522/050147", "correlationVector":"NgWUyBhsZI1q4sQDsMnGs/.75","action":"GetUpdates", "result":"DeleteReceived", "context":{"id":"19915d6d-9785-4e79-b0a6-9af88310bc64", "isDeleted:":"true", "version":"1683725476409"}}
{"logTime": "0522/050147", "correlationVector":"NgWUyBhsZI1q4sQDsMnGs/.76","action":"GetUpdates", "result":"DeleteReceived", "context":{"id":"112742ec-e9ff-48d2-9156-49fdc7bfa6eb", "isDeleted:":"true", "version":"1683725476411"}}
{"logTime": "0522/050147", "correlationVector":"NgWUyBhsZI1q4sQDsMnGs/.77","action":"GetUpdates", "result":"DeleteReceived", "context":{"id":"e0cbca2e-c54e-4bbf-ad52-a50b9da28f33", "isDeleted:":"true", "version":"1683859337840"}}
{"logTime": "0522/050147", "correlationVector":"NgWUyBhsZI1q4sQDsMnGs/.78","action":"GetUpdates", "result":"DeleteReceived", "context":{"id":"dec569c0-05bc-40ce-ac0e-d8d4cd0f8fba", "isDeleted:":"true", "version":"1683859337842"}}
{"logTime": "0522/050147", "correlationVector":"NgWUyBhsZI1q4sQDsMnGs/.79","action":"GetUpdates", "result":"DeleteReceived", "context":{"id":"5227728e-3217-43e2-9d69-02cd84d8972a", "isDeleted:":"true", "version":"1683859337843"}}
{"logTime": "0522/050147", "correlationVector":"NgWUyBhsZI1q4sQDsMnGs/.80","action":"GetUpdates", "result":"DeleteReceived", "context":{"id":"ca12ac63-92ad-4a08-b7d8-b5a349fff99f", "isDeleted:":"true", "version":"1684121733592"}}
{"logTime": "0522/050147", "correlationVector":"NgWUyBhsZI1q4sQDsMnGs/.81","action":"GetUpdates", "result":"DeleteReceived", "context":{"id":"366576ae-6041-4ceb-bbf7-841392e15e68", "isDeleted:":"true", "version":"1684121733594"}}
{"logTime": "0522/050147", "correlationVector":"NgWUyBhsZI1q4sQDsMnGs/.82","action":"GetUpdates", "result":"DeleteReceived", "context":{"id":"6eb39da4-3fc5-4c0e-a300-c1d7d60339ee", "isDeleted:":"true", "version":"1684121733596"}}
{"logTime": "0522/050147", "correlationVector":"NgWUyBhsZI1q4sQDsMnGs/.83","action":"GetUpdates", "result":"DeleteReceived", "context":{"id":"b48ae047-058b-4e8d-897e-f6e28b181e7e", "isDeleted:":"true", "version":"1684198840082"}}
{"logTime": "0522/050147", "correlationVector":"NgWUyBhsZI1q4sQDsMnGs/.84","action":"GetUpdates", "result":"DeleteReceived", "context":{"id":"760b01e3-4632-4622-9e3d-f1d7e0e3e91c", "isDeleted:":"true", "version":"1684198840084"}}
{"logTime": "0522/050147", "correlationVector":"NgWUyBhsZI1q4sQDsMnGs/.85","action":"GetUpdates", "result":"DeleteReceived", "context":{"id":"2ad40704-bc04-4069-af1d-ef232278b555", "isDeleted:":"true", "version":"1684198840085"}}
{"logTime": "0522/050147", "correlationVector":"NgWUyBhsZI1q4sQDsMnGs/.86","action":"GetUpdates", "result":"DeleteReceived", "context":{"id":"ba4de315-e4cc-4ce3-a27e-7a178734be44", "isDeleted:":"true", "version":"1684243004691"}}
{"logTime": "0522/050147", "correlationVector":"NgWUyBhsZI1q4sQDsMnGs/.87","action":"GetUpdates", "result":"DeleteReceived", "context":{"id":"f62bcb73-e25c-4309-8c42-4d4ba453bca1", "isDeleted:":"true", "version":"1684243004695"}}
{"logTime": "0522/050147", "correlationVector":"NgWUyBhsZI1q4sQDsMnGs/.88","action":"GetUpdates", "result":"DeleteReceived", "context":{"id":"6ede49fb-3a97-4b47-b69d-44a10e347e9d", "isDeleted:":"true", "version":"1684243004696"}}
{"logTime": "0522/050147", "correlationVector":"NgWUyBhsZI1q4sQDsMnGs/.89","action":"GetUpdates", "result":"DeleteReceived", "context":{"id":"54b79869-ece2-43ea-8952-2cf679045de4", "isDeleted:":"true", "version":"1684243004697"}}
{"logTime": "0522/050147", "correlationVector":"NgWUyBhsZI1q4sQDsMnGs/.90","action":"GetUpdates", "result":"DeleteReceived", "context":{"id":"d9d1cc26-dbff-4c32-ad4d-a132b17f3ec8", "isDeleted:":"true", "version":"1684272956033"}}
{"logTime": "0522/050147", "correlationVector":"NgWUyBhsZI1q4sQDsMnGs/.91","action":"GetUpdates", "result":"DeleteReceived", "context":{"id":"5aaacf84-2577-4c9c-8819-7b3d51043449", "isDeleted:":"true", "version":"1684272956034"}}
{"logTime": "0522/050147", "correlationVector":"NgWUyBhsZI1q4sQDsMnGs/.92","action":"GetUpdates", "result":"DeleteReceived", "context":{"id":"8e14542b-e516-41ef-b9f2-0ac9a2874e30", "isDeleted:":"true", "version":"1684272956036"}}
{"logTime": "0522/050147", "correlationVector":"NgWUyBhsZI1q4sQDsMnGs/.93","action":"GetUpdates", "result":"DeleteReceived", "context":{"id":"713f739d-ae24-4327-b1e3-9ca246ce7a07", "isDeleted:":"true", "version":"1684272956037"}}
{"logTime": "0522/050147", "correlationVector":"NgWUyBhsZI1q4sQDsMnGs/.94","action":"GetUpdates", "result":"DeleteReceived", "context":{"id":"debe841a-5175-4d76-b9b0-6f095d43ea48", "isDeleted:":"true", "version":"1684330583707"}}
{"logTime": "0522/050147", "correlationVector":"NgWUyBhsZI1q4sQDsMnGs/.95","action":"GetUpdates", "result":"DeleteReceived", "context":{"id":"78321a11-11bb-44e6-8a1b-19071d84d942", "isDeleted:":"true", "version":"1684421053324"}}
{"logTime": "0522/050147", "correlationVector":"NgWUyBhsZI1q4sQDsMnGs/.96","action":"GetUpdates", "result":"DeleteReceived", "context":{"id":"26ddb969-cc9b-4666-8cdf-42b37f7b81bb", "isDeleted:":"true", "version":"1684421109858"}}
{"logTime": "0522/050147", "correlationVector":"NgWUyBhsZI1q4sQDsMnGs/.97","action":"GetUpdates", "result":"DeleteReceived", "context":{"id":"5c177657-d971-4b42-b12e-e25695a18336", "isDeleted:":"true", "version":"1684603677077"}}
{"logTime": "0522/050147", "correlationVector":"NgWUyBhsZI1q4sQDsMnGs/.98","action":"GetUpdates", "result":"DeleteReceived", "context":{"id":"8b5a80e6-dc7f-48a5-880f-f2a488fded90", "isDeleted:":"true", "version":"1684604197144"}}
{"logTime": "0522/050147", "correlationVector":"NgWUyBhsZI1q4sQDsMnGs/.99","action":"GetUpdates", "result":"DeleteReceived", "context":{"id":"80d5d56b-ace7-478d-b7cf-4213a8ec5d2f", "isDeleted:":"true", "version":"1684635101292"}}
{"logTime": "0522/050147", "correlationVector":"NgWUyBhsZI1q4sQDsMnGs/.100","action":"GetUpdates", "result":"DeleteReceived", "context":{"id":"a35c0f67-ddf9-40dd-80e4-55b0ce36b749", "isDeleted:":"true", "version":"1684635131997"}}
{"logTime": "0522/050147", "correlationVector":"NgWUyBhsZI1q4sQDsMnGs/.101","action":"GetUpdates", "result":"DeleteReceived", "context":{"id":"98d0c325-b0e4-4e6f-b5d8-eefe74c073a6", "isDeleted:":"true", "version":"1684728748905"}}
{"logTime": "0522/050147", "correlationVector":"NgWUyBhsZI1q4sQDsMnGs/.102","action":"GetUpdates Response", "result":"SYNCER_OK", "context":Received 242 update(s). cV=NgWUyBhsZI1q4sQDsMnGs/.0;server=GENERAL0100000I;cloudType=Consumer;environment=Prod_EastUS2_000e;migrationStage=NotStarted}
{"logTime": "0522/050147", "correlationVector":"l+x8BxvEFvJM3ojWQD3oL4","action":"Normal GetUpdate request", "result":"", "context":cV=l+x8BxvEFvJM3ojWQD3oL4
Nudged types: Bookmarks, Sessions, Device Info
Refresh requested types: Bookmarks, Preferences, Passwords, Autofill Profiles, Autofill, Autofill Custom Data, Typed URLs, Extensions, Sessions, Extension settings, History Delete Directives, Device Info, User Consents, Send Tab To Self, Web Apps, Collection, Edge E Drop, Encryption Keys}
{"logTime": "0522/050147", "correlationVector":"l+x8BxvEFvJM3ojWQD3oL4.1","action":"SyncServerConnectionManagerRequest", "result":"SYNC_SERVER_OK", "context":{"environment":"Prod_EastUS2_000e", "migrationStage":"NotStarted", "server":"GENERAL01000002"}}
{"logTime": "0522/050147", "correlationVector":"l+x8BxvEFvJM3ojWQD3oL4.2","action":"GetUpdates Response", "result":"SYNCER_OK", "context":Received 0 update(s). cV=l+x8BxvEFvJM3ojWQD3oL4.0;server=GENERAL01000002;cloudType=Consumer;environment=Prod_EastUS2_000e;migrationStage=NotStarted}
{"logTime": "0522/050147", "correlationVector":"F2UGysh1yPJYastEQAEqS6","action":"Commit Request", "result":"", "context":Item count: 1
Contributing types: Device Info}
{"logTime": "0522/050148", "correlationVector":"F2UGysh1yPJYastEQAEqS6.1","action":"SyncServerConnectionManagerRequest", "result":"SYNC_SERVER_OK", "context":{"environment":"Prod_EastUS2_000e", "migrationStage":"NotStarted", "server":"GENERAL0100001X"}}
{"logTime": "0522/050148", "correlationVector":"F2UGysh1yPJYastEQAEqS6.2","action":"Commit Response", "result":"SYNCER_OK", "context":Result: SYNCER_OK. cV=F2UGysh1yPJYastEQAEqS6.0;server=GENERAL0100001X;cloudType=Consumer;environment=Prod_EastUS2_000e;migrationStage=NotStarted}
{"logTime": "0522/050148", "correlationVector":"++KssvgfT+dJ1weXBjfiSS","action":"Commit Request", "result":"", "context":Item count: 3
Contributing types: Bookmarks, Sessions}
{"logTime": "0522/050148", "correlationVector":"++KssvgfT+dJ1weXBjfiSS.1","action":"SyncServerConnectionManagerRequest", "result":"SYNC_SERVER_OK", "context":{"environment":"Prod_EastUS2_000e", "migrationStage":"NotStarted", "server":"GENERAL0100000P"}}
{"logTime": "0522/050148", "correlationVector":"++KssvgfT+dJ1weXBjfiSS.2","action":"Commit Response", "result":"SYNCER_OK", "context":Result: SYNCER_OK. cV=++KssvgfT+dJ1weXBjfiSS.0;server=GENERAL0100000P;cloudType=Consumer;environment=Prod_EastUS2_000e;migrationStage=NotStarted}
{"logTime": "0522/050220", "correlationVector":"OenCLGAtVOPCbmXpVHK/yy","action":"Commit Request", "result":"", "context":Item count: 1
Contributing types: Sessions}
{"logTime": "0522/050221", "correlationVector":"OenCLGAtVOPCbmXpVHK/yy.1","action":"SyncServerConnectionManagerRequest", "result":"SYNC_SERVER_OK", "context":{"environment":"Prod_EastUS2_000e", "migrationStage":"NotStarted", "server":"GENERAL0100002T"}}
{"logTime": "0522/050221", "correlationVector":"OenCLGAtVOPCbmXpVHK/yy.2","action":"Commit Response", "result":"SYNCER_OK", "context":Result: SYNCER_OK. cV=OenCLGAtVOPCbmXpVHK/yy.0;server=GENERAL0100002T;cloudType=Consumer;environment=Prod_EastUS2_000e;migrationStage=NotStarted}
{"logTime": "0522/050338", "correlationVector":"q1QA2HCzfzHHnTJXNsiLJz","action":"Commit Request", "result":"", "context":Item count: 1
Contributing types: Sessions}
{"logTime": "0522/050338", "correlationVector":"q1QA2HCzfzHHnTJXNsiLJz.1","action":"SyncServerConnectionManagerRequest", "result":"SYNC_SERVER_OK", "context":{"environment":"Prod_EastUS2_000e", "migrationStage":"NotStarted", "server":"GENERAL0100001U"}}
{"logTime": "0522/050338", "correlationVector":"q1QA2HCzfzHHnTJXNsiLJz.2","action":"Commit Response", "result":"SYNCER_OK", "context":Result: SYNCER_OK. cV=q1QA2HCzfzHHnTJXNsiLJz.0;server=GENERAL0100001U;cloudType=Consumer;environment=Prod_EastUS2_000e;migrationStage=NotStarted}
{"logTime": "0522/050456", "correlationVector":"WzZ3uNA6Gkka5ilXUMRO9S","action":"Commit Request", "result":"", "context":Item count: 1
Contributing types: Sessions}
{"logTime": "0522/050457", "correlationVector":"WzZ3uNA6Gkka5ilXUMRO9S.1","action":"SyncServerConnectionManagerRequest", "result":"SYNC_SERVER_OK", "context":{"environment":"Prod_EastUS2_000e", "migrationStage":"NotStarted", "server":"GENERAL01000002"}}
{"logTime": "0522/050457", "correlationVector":"WzZ3uNA6Gkka5ilXUMRO9S.2","action":"Commit Response", "result":"SYNCER_OK", "context":Result: SYNCER_OK. cV=WzZ3uNA6Gkka5ilXUMRO9S.0;server=GENERAL01000002;cloudType=Consumer;environment=Prod_EastUS2_000e;migrationStage=NotStarted}
{"logTime": "0522/050740", "correlationVector":"I8S8Pb+adEzkshJ48N6sBU","action":"Commit Request", "result":"", "context":Item count: 1
Contributing types: Sessions}
{"logTime": "0522/050740", "correlationVector":"I8S8Pb+adEzkshJ48N6sBU.1","action":"SyncServerConnectionManagerRequest", "result":"SYNC_SERVER_OK", "context":{"environment":"Prod_EastUS2_000e", "migrationStage":"NotStarted", "server":"general01000039"}}
{"logTime": "0522/050740", "correlationVector":"I8S8Pb+adEzkshJ48N6sBU.2","action":"Commit Response", "result":"SYNCER_OK", "context":Result: SYNCER_OK. cV=I8S8Pb+adEzkshJ48N6sBU.0;server=general01000039;cloudType=Consumer;environment=Prod_EastUS2_000e;migrationStage=NotStarted}
{"logTime": "0522/051836", "correlationVector":"LFS2GrHH64a3zVs5GqGbWY","action":"Commit Request", "result":"", "context":Item count: 1
Contributing types: Sessions}
{"logTime": "0522/051837", "correlationVector":"LFS2GrHH64a3zVs5GqGbWY.1","action":"SyncServerConnectionManagerRequest", "result":"SYNC_SERVER_OK", "context":{"environment":"Prod_EastUS2_000e", "migrationStage":"NotStarted", "server":"GENERAL0100001K"}}
{"logTime": "0522/051837", "correlationVector":"LFS2GrHH64a3zVs5GqGbWY.2","action":"Commit Response", "result":"SYNCER_OK", "context":Result: SYNCER_OK. cV=LFS2GrHH64a3zVs5GqGbWY.0;server=GENERAL0100001K;cloudType=Consumer;environment=Prod_EastUS2_000e;migrationStage=NotStarted}
{"logTime": "0522/051941", "correlationVector":"9yh2SxWFn6QYw2Daz6cBrb","action":"Commit Request", "result":"", "context":Item count: 1
Contributing types: Sessions}
{"logTime": "0522/051941", "correlationVector":"9yh2SxWFn6QYw2Daz6cBrb.1","action":"SyncServerConnectionManagerRequest", "result":"SYNC_SERVER_OK", "context":{"environment":"Prod_EastUS2_000e", "migrationStage":"NotStarted", "server":"GENERAL0100002W"}}
{"logTime": "0522/051941", "correlationVector":"9yh2SxWFn6QYw2Daz6cBrb.2","action":"Commit Response", "result":"SYNCER_OK", "context":Result: SYNCER_OK. cV=9yh2SxWFn6QYw2Daz6cBrb.0;server=GENERAL0100002W;cloudType=Consumer;environment=Prod_EastUS2_000e;migrationStage=NotStarted}
{"logTime": "0522/052346", "correlationVector":"4eOcwo9iyhFV4Ivbw9Awzs","action":"Commit Request", "result":"", "context":Item count: 1
Contributing types: Sessions}
{"logTime": "0522/052346", "correlationVector":"4eOcwo9iyhFV4Ivbw9Awzs.1","action":"SyncServerConnectionManagerRequest", "result":"SYNC_SERVER_OK", "context":{"environment":"Prod_EastUS2_000e", "migrationStage":"NotStarted", "server":"GENERAL0100000K"}}
{"logTime": "0522/052346", "correlationVector":"4eOcwo9iyhFV4Ivbw9Awzs.2","action":"Commit Response", "result":"SYNCER_OK", "context":Result: SYNCER_OK. cV=4eOcwo9iyhFV4Ivbw9Awzs.0;server=GENERAL0100000K;cloudType=Consumer;environment=Prod_EastUS2_000e;migrationStage=NotStarted}
{"logTime": "0522/052844", "correlationVector":"mxj2LEDNHhJyt5RbMEzOEf","action":"Commit Request", "result":"", "context":Item count: 1
Contributing types: Sessions}
{"logTime": "0522/052844", "correlationVector":"mxj2LEDNHhJyt5RbMEzOEf.1","action":"SyncServerConnectionManagerRequest", "result":"SYNC_SERVER_OK", "context":{"environment":"Prod_EastUS2_000e", "migrationStage":"NotStarted", "server":"GENERAL01000000"}}
{"logTime": "0522/052844", "correlationVector":"mxj2LEDNHhJyt5RbMEzOEf.2","action":"Commit Response", "result":"SYNCER_OK", "context":Result: SYNCER_OK. cV=mxj2LEDNHhJyt5RbMEzOEf.0;server=GENERAL01000000;cloudType=Consumer;environment=Prod_EastUS2_000e;migrationStage=NotStarted}
{"logTime": "0522/053024", "correlationVector":"qebuWzEVGg56iyTYlVPVga","action":"Commit Request", "result":"", "context":Item count: 1
Contributing types: Sessions}
{"logTime": "0522/053024", "correlationVector":"qebuWzEVGg56iyTYlVPVga.1","action":"SyncServerConnectionManagerRequest", "result":"SYNC_SERVER_OK", "context":{"environment":"Prod_EastUS2_000e", "migrationStage":"NotStarted", "server":"general0100002Z"}}
{"logTime": "0522/053024", "correlationVector":"qebuWzEVGg56iyTYlVPVga.2","action":"Commit Response", "result":"SYNCER_OK", "context":Result: SYNCER_OK. cV=qebuWzEVGg56iyTYlVPVga.0;server=general0100002Z;cloudType=Consumer;environment=Prod_EastUS2_000e;migrationStage=NotStarted}
{"logTime": "0522/053057", "correlationVector":"fkN6LtoPjB4DxRbXYZw/JO","action":"Commit Request", "result":"", "context":Item count: 1
Contributing types: Sessions}
{"logTime": "0522/053057", "correlationVector":"fkN6LtoPjB4DxRbXYZw/JO.1","action":"SyncServerConnectionManagerRequest", "result":"SYNC_SERVER_OK", "context":{"environment":"Prod_EastUS2_000e", "migrationStage":"NotStarted", "server":"GENERAL0100002K"}}
{"logTime": "0522/053057", "correlationVector":"fkN6LtoPjB4DxRbXYZw/JO.2","action":"Commit Response", "result":"SYNCER_OK", "context":Result: SYNCER_OK. cV=fkN6LtoPjB4DxRbXYZw/JO.0;server=GENERAL0100002K;cloudType=Consumer;environment=Prod_EastUS2_000e;migrationStage=NotStarted}
{"logTime": "0522/053132", "correlationVector":"wcrLpSKTUvndQpyuph7rsE","action":"Commit Request", "result":"", "context":Item count: 1
Contributing types: Sessions}
{"logTime": "0522/053132", "correlationVector":"wcrLpSKTUvndQpyuph7rsE.1","action":"SyncServerConnectionManagerRequest", "result":"SYNC_SERVER_OK", "context":{"environment":"Prod_EastUS2_000e", "migrationStage":"NotStarted", "server":"GENERAL0100000K"}}
{"logTime": "0522/053132", "correlationVector":"wcrLpSKTUvndQpyuph7rsE.2","action":"Commit Response", "result":"SYNCER_OK", "context":Result: SYNCER_OK. cV=wcrLpSKTUvndQpyuph7rsE.0;server=GENERAL0100000K;cloudType=Consumer;environment=Prod_EastUS2_000e;migrationStage=NotStarted}
{"logTime": "0522/053210", "correlationVector":"3m/s/csQfUsXeLUENrFzgP","action":"Commit Request", "result":"", "context":Item count: 1
Contributing types: Sessions}
{"logTime": "0522/053210", "correlationVector":"3m/s/csQfUsXeLUENrFzgP.1","action":"SyncServerConnectionManagerRequest", "result":"SYNC_SERVER_OK", "context":{"environment":"Prod_EastUS2_000e", "migrationStage":"NotStarted", "server":"general01000035"}}
{"logTime": "0522/053210", "correlationVector":"3m/s/csQfUsXeLUENrFzgP.2","action":"Commit Response", "result":"SYNCER_OK", "context":Result: SYNCER_OK. cV=3m/s/csQfUsXeLUENrFzgP.0;server=general01000035;cloudType=Consumer;environment=Prod_EastUS2_000e;migrationStage=NotStarted}
